2024-05-29T13:28:36.271Z [warn] WARNING: {{not}} was not converted as it has positional parameters which can't be automatically converted. Source: app/templates/agenda/agendaitems.hbs
2024-05-29T13:28:36.371Z [warn] WARNING: {{page-title}} was not converted as it has positional parameters which can't be automatically converted. Source: app/templates/search/news-items.hbs
2024-05-29T13:28:36.397Z [warn] WARNING: {{page-title}} was not converted as it has positional parameters which can't be automatically converted. Source: app/templates/publications.hbs
2024-05-29T13:28:36.273Z [warn] WARNING: {{toggle}} was not converted as it has positional parameters which can't be automatically converted. Source: app/templates/agenda/agendaitems.hbs
2024-05-29T13:28:36.273Z [warn] WARNING: {{toggle}} was not converted as it has positional parameters which can't be automatically converted. Source: app/templates/agenda/agendaitems.hbs
2024-05-29T13:28:36.273Z [warn] WARNING: {{toggle}} was not converted as it has positional parameters which can't be automatically converted. Source: app/templates/agenda/agendaitems.hbs
2024-05-29T13:28:36.316Z [warn] WARNING: {{eq}} was not converted as it has positional parameters which can't be automatically converted. Source: app/templates/agenda/documents.hbs
2024-05-29T13:28:36.427Z [warn] WARNING: {{date}} was not converted as it has positional parameters which can't be automatically converted. Source: app/templates/agenda/print.hbs
2024-05-29T13:28:36.428Z [warn] WARNING: {{datetime-at}} was not converted as it has positional parameters which can't be automatically converted. Source: app/templates/agenda/print.hbs
2024-05-29T13:28:36.428Z [warn] WARNING: {{kind-print-label}} was not converted as it has positional parameters which can't be automatically converted. Source: app/templates/agenda/print.hbs
2024-05-29T13:28:36.421Z [warn] WARNING: {{page-title}} was not converted as it has positional parameters which can't be automatically converted. Source: app/templates/search.hbs
2024-05-29T13:28:36.422Z [warn] WARNING: {{capitalize}} was not converted as it has positional parameters which can't be automatically converted. Source: app/templates/search.hbs
2024-05-29T13:28:36.422Z [warn] WARNING: {{set}} was not converted as it has positional parameters which can't be automatically converted. Source: app/templates/search.hbs
2024-05-29T13:28:36.423Z [warn] WARNING: {{set}} was not converted as it has positional parameters which can't be automatically converted. Source: app/templates/search.hbs
2024-05-29T13:28:36.432Z [warn] WARNING: {{page-title}} was not converted as it has positional parameters which can't be automatically converted. Source: app/templates/settings.hbs
2024-05-29T13:28:36.443Z [warn] WARNING: {{page-title}} was not converted as it has positional parameters which can't be automatically converted. Source: app/templates/signatures.hbs
2024-05-29T13:28:36.374Z [warn] WARNING: {{fn}} was not converted as it has positional parameters which can't be automatically converted. Source: app/templates/search/news-items.hbs
2024-05-29T13:28:36.375Z [warn] WARNING: {{fn}} was not converted as it has positional parameters which can't be automatically converted. Source: app/templates/search/news-items.hbs
2024-05-29T13:28:36.375Z [warn] WARNING: {{or}} was not converted as it has positional parameters which can't be automatically converted. Source: app/templates/search/news-items.hbs
2024-05-29T13:28:36.391Z [warn] WARNING: {{page-title}} was not converted as it has positional parameters which can't be automatically converted. Source: app/templates/search/publication-flows.hbs
2024-05-29T13:28:36.392Z [warn] WARNING: {{fn}} was not converted as it has positional parameters which can't be automatically converted. Source: app/templates/search/publication-flows.hbs
2024-05-29T13:28:36.450Z [warn] WARNING: {{page-title}} was not converted as it has positional parameters which can't be automatically converted. Source: app/templates/settings/emails.hbs
2024-05-29T13:28:36.485Z [warn] WARNING: {{page-title}} was not converted as it has positional parameters which can't be automatically converted. Source: app/templates/signatures/ongoing-decisions.hbs
2024-05-29T13:28:36.516Z [warn] WARNING: {{fn}} was not converted as it has positional parameters which can't be automatically converted. Source: app/templates/newsletters/index.hbs
2024-05-29T13:28:36.543Z [warn] WARNING: {{page-title}} was not converted as it has positional parameters which can't be automatically converted. Source: app/templates/meeting.hbs
2024-05-29T13:28:36.561Z [warn] WARNING: {{page-title}} was not converted as it has positional parameters which can't be automatically converted. Source: app/templates/newsletters.hbs
2024-05-29T13:28:36.567Z [warn] WARNING: {{page-title}} was not converted as it has positional parameters which can't be automatically converted. Source: app/templates/agenda.hbs
2024-05-29T13:28:36.569Z [warn] WARNING: {{page-title}} was not converted as it has positional parameters which can't be automatically converted. Source: app/templates/agendaitem.hbs
2024-05-29T13:28:36.620Z [warn] WARNING: {{page-title}} was not converted as it has positional parameters which can't be automatically converted. Source: app/templates/agendas.hbs
2024-05-29T13:28:36.621Z [warn] WARNING: {{date}} was not converted as it has positional parameters which can't be automatically converted. Source: app/templates/agendas.hbs
2024-05-29T13:28:36.621Z [warn] WARNING: {{datetime-at}} was not converted as it has positional parameters which can't be automatically converted. Source: app/templates/agendas.hbs
2024-05-29T13:28:36.626Z [warn] WARNING: {{page-title}} was not converted as it has positional parameters which can't be automatically converted. Source: app/templates/application.hbs
2024-05-29T13:28:36.627Z [warn] WARNING: {{fn}} was not converted as it has positional parameters which can't be automatically converted. Source: app/templates/application.hbs
2024-05-29T13:28:36.487Z [warn] WARNING: {{set}} was not converted as it has positional parameters which can't be automatically converted. Source: app/templates/signatures/ongoing-decisions.hbs
2024-05-29T13:28:36.487Z [warn] WARNING: {{set}} was not converted as it has positional parameters which can't be automatically converted. Source: app/templates/signatures/ongoing-decisions.hbs
2024-05-29T13:28:36.487Z [warn] WARNING: {{fn}} was not converted as it has positional parameters which can't be automatically converted. Source: app/templates/signatures/ongoing-decisions.hbs
2024-05-29T13:28:36.488Z [warn] WARNING: {{fn}} was not converted as it has positional parameters which can't be automatically converted. Source: app/templates/signatures/ongoing-decisions.hbs
2024-05-29T13:28:36.488Z [warn] WARNING: {{date}} was not converted as it has positional parameters which can't be automatically converted. Source: app/templates/signatures/ongoing-decisions.hbs
2024-05-29T13:28:36.489Z [warn] WARNING: {{or}} was not converted as it has positional parameters which can't be automatically converted. Source: app/templates/signatures/ongoing-decisions.hbs
2024-05-29T13:28:36.510Z [warn] WARNING: {{page-title}} was not converted as it has positional parameters which can't be automatically converted. Source: app/templates/signatures/ongoing-ratifications.hbs
2024-05-29T13:28:36.510Z [warn] WARNING: {{set}} was not converted as it has positional parameters which can't be automatically converted. Source: app/templates/signatures/ongoing-ratifications.hbs
2024-05-29T13:28:36.510Z [warn] WARNING: {{set}} was not converted as it has positional parameters which can't be automatically converted. Source: app/templates/signatures/ongoing-ratifications.hbs
2024-05-29T13:28:36.510Z [warn] WARNING: {{fn}} was not converted as it has positional parameters which can't be automatically converted. Source: app/templates/signatures/ongoing-ratifications.hbs
2024-05-29T13:28:36.510Z [warn] WARNING: {{fn}} was not converted as it has positional parameters which can't be automatically converted. Source: app/templates/signatures/ongoing-ratifications.hbs
2024-05-29T13:28:36.511Z [warn] WARNING: {{date}} was not converted as it has positional parameters which can't be automatically converted. Source: app/templates/signatures/ongoing-ratifications.hbs
2024-05-29T13:28:36.511Z [warn] WARNING: {{or}} was not converted as it has positional parameters which can't be automatically converted. Source: app/templates/signatures/ongoing-ratifications.hbs
2024-05-29T13:28:36.544Z [warn] WARNING: {{page-title}} was not converted as it has positional parameters which can't be automatically converted. Source: app/templates/signatures/ongoing.hbs
2024-05-29T13:28:36.545Z [warn] WARNING: {{set}} was not converted as it has positional parameters which can't be automatically converted. Source: app/templates/signatures/ongoing.hbs
2024-05-29T13:28:36.545Z [warn] WARNING: {{set}} was not converted as it has positional parameters which can't be automatically converted. Source: app/templates/signatures/ongoing.hbs
2024-05-29T13:28:36.545Z [warn] WARNING: {{fn}} was not converted as it has positional parameters which can't be automatically converted. Source: app/templates/signatures/ongoing.hbs
2024-05-29T13:28:36.545Z [warn] WARNING: {{fn}} was not converted as it has positional parameters which can't be automatically converted. Source: app/templates/signatures/ongoing.hbs
2024-05-29T13:28:36.546Z [warn] WARNING: {{join}} was not converted as it has positional parameters which can't be automatically converted. Source: app/templates/signatures/ongoing.hbs
2024-05-29T13:28:36.546Z [warn] WARNING: {{date}} was not converted as it has positional parameters which can't be automatically converted. Source: app/templates/signatures/ongoing.hbs
2024-05-29T13:28:36.546Z [warn] WARNING: {{or}} was not converted as it has positional parameters which can't be automatically converted. Source: app/templates/signatures/ongoing.hbs
2024-05-29T13:28:36.601Z [warn] WARNING: {{page-title}} was not converted as it has positional parameters which can't be automatically converted. Source: app/templates/signatures/ratifications.hbs
2024-05-29T13:28:36.601Z [warn] WARNING: {{and}} was not converted as it has positional parameters which can't be automatically converted. Source: app/templates/signatures/ratifications.hbs
2024-05-29T13:28:36.601Z [warn] WARNING: {{fn}} was not converted as it has positional parameters which can't be automatically converted. Source: app/templates/signatures/ratifications.hbs
2024-05-29T13:28:36.602Z [warn] WARNING: {{fn}} was not converted as it has positional parameters which can't be automatically converted. Source: app/templates/signatures/ratifications.hbs
2024-05-29T13:28:36.602Z [warn] WARNING: {{and}} was not converted as it has positional parameters which can't be automatically converted. Source: app/templates/signatures/ratifications.hbs
2024-05-29T13:28:36.602Z [warn] WARNING: {{includes}} was not converted as it has positional parameters which can't be automatically converted. Source: app/templates/signatures/ratifications.hbs
2024-05-29T13:28:36.603Z [warn] WARNING: {{fn}} was not converted as it has positional parameters which can't be automatically converted. Source: app/templates/signatures/ratifications.hbs
2024-05-29T13:28:36.603Z [warn] WARNING: {{date}} was not converted as it has positional parameters which can't be automatically converted. Source: app/templates/signatures/ratifications.hbs
2024-05-29T13:28:36.603Z [warn] WARNING: {{join}} was not converted as it has positional parameters which can't be automatically converted. Source: app/templates/signatures/ratifications.hbs
2024-05-29T13:28:36.603Z [warn] WARNING: {{or}} was not converted as it has positional parameters which can't be automatically converted. Source: app/templates/signatures/ratifications.hbs
2024-05-29T13:28:36.603Z [warn] WARNING: {{date}} was not converted as it has positional parameters which can't be automatically converted. Source: app/templates/signatures/ratifications.hbs
2024-05-29T13:28:36.603Z [warn] WARNING: {{fn}} was not converted as it has positional parameters which can't be automatically converted. Source: app/templates/signatures/ratifications.hbs
2024-05-29T13:28:36.603Z [warn] WARNING: {{fn}} was not converted as it has positional parameters which can't be automatically converted. Source: app/templates/signatures/ratifications.hbs
2024-05-29T13:28:36.604Z [warn] WARNING: {{or}} was not converted as it has positional parameters which can't be automatically converted. Source: app/templates/signatures/ratifications.hbs
2024-05-29T13:28:36.604Z [warn] WARNING: {{not}} was not converted as it has positional parameters which can't be automatically converted. Source: app/templates/signatures/ratifications.hbs
2024-05-29T13:28:36.604Z [warn] WARNING: {{or}} was not converted as it has positional parameters which can't be automatically converted. Source: app/templates/signatures/ratifications.hbs
2024-05-29T13:28:36.517Z [warn] WARNING: {{fn}} was not converted as it has positional parameters which can't be automatically converted. Source: app/templates/newsletters/index.hbs
2024-05-29T13:28:36.518Z [warn] WARNING: {{fn}} was not converted as it has positional parameters which can't be automatically converted. Source: app/templates/newsletters/index.hbs
2024-05-29T13:28:36.518Z [warn] WARNING: {{date}} was not converted as it has positional parameters which can't be automatically converted. Source: app/templates/newsletters/index.hbs
2024-05-29T13:28:36.518Z [warn] WARNING: {{datetime-at}} was not converted as it has positional parameters which can't be automatically converted. Source: app/templates/newsletters/index.hbs
2024-05-29T13:28:36.518Z [warn] WARNING: {{datetime}} was not converted as it has positional parameters which can't be automatically converted. Source: app/templates/newsletters/index.hbs
2024-05-29T13:28:36.557Z [warn] WARNING: {{page-title}} was not converted as it has positional parameters which can't be automatically converted. Source: app/templates/newsletters/search.hbs
2024-05-29T13:28:36.557Z [warn] WARNING: {{capitalize}} was not converted as it has positional parameters which can't be automatically converted. Source: app/templates/newsletters/search.hbs
2024-05-29T13:28:36.557Z [warn] WARNING: {{set}} was not converted as it has positional parameters which can't be automatically converted. Source: app/templates/newsletters/search.hbs
2024-05-29T13:28:36.557Z [warn] WARNING: {{set}} was not converted as it has positional parameters which can't be automatically converted. Source: app/templates/newsletters/search.hbs
2024-05-29T13:28:36.558Z [warn] WARNING: {{set}} was not converted as it has positional parameters which can't be automatically converted. Source: app/templates/newsletters/search.hbs
2024-05-29T13:28:36.558Z [warn] WARNING: {{set}} was not converted as it has positional parameters which can't be automatically converted. Source: app/templates/newsletters/search.hbs
2024-05-29T13:28:36.558Z [warn] WARNING: {{fn}} was not converted as it has positional parameters which can't be automatically converted. Source: app/templates/newsletters/search.hbs
2024-05-29T13:28:36.558Z [warn] WARNING: {{fn}} was not converted as it has positional parameters which can't be automatically converted. Source: app/templates/newsletters/search.hbs
2024-05-29T13:28:36.558Z [warn] WARNING: {{fn}} was not converted as it has positional parameters which can't be automatically converted. Source: app/templates/newsletters/search.hbs
2024-05-29T13:28:36.558Z [warn] WARNING: {{date}} was not converted as it has positional parameters which can't be automatically converted. Source: app/templates/newsletters/search.hbs
2024-05-29T13:28:36.576Z [warn] WARNING: {{page-title}} was not converted as it has positional parameters which can't be automatically converted. Source: app/templates/search/agendaitems.hbs
2024-05-29T13:28:36.577Z [warn] WARNING: {{set}} was not converted as it has positional parameters which can't be automatically converted. Source: app/templates/search/agendaitems.hbs
2024-05-29T13:28:36.577Z [warn] WARNING: {{set}} was not converted as it has positional parameters which can't be automatically converted. Source: app/templates/search/agendaitems.hbs
2024-05-29T13:28:36.577Z [warn] WARNING: {{capitalize}} was not converted as it has positional parameters which can't be automatically converted. Source: app/templates/search/agendaitems.hbs
2024-05-29T13:28:36.577Z [warn] WARNING: {{set}} was not converted as it has positional parameters which can't be automatically converted. Source: app/templates/search/agendaitems.hbs
2024-05-29T13:28:36.577Z [warn] WARNING: {{fn}} was not converted as it has positional parameters which can't be automatically converted. Source: app/templates/search/agendaitems.hbs
2024-05-29T13:28:36.577Z [warn] WARNING: {{fn}} was not converted as it has positional parameters which can't be automatically converted. Source: app/templates/search/agendaitems.hbs
2024-05-29T13:28:36.602Z [warn] WARNING: {{page-title}} was not converted as it has positional parameters which can't be automatically converted. Source: app/templates/search/all-types.hbs
2024-05-29T13:28:36.602Z [warn] WARNING: {{this.getStringProp}} was not converted as it has positional parameters which can't be automatically converted. Source: app/templates/search/all-types.hbs
2024-05-29T13:28:36.603Z [warn] WARNING: {{or}} was not converted as it has positional parameters which can't be automatically converted. Source: app/templates/search/all-types.hbs
2024-05-29T13:28:36.614Z [warn] WARNING: {{page-title}} was not converted as it has positional parameters which can't be automatically converted. Source: app/templates/search/cases.hbs
2024-05-29T13:28:36.615Z [warn] WARNING: {{set}} was not converted as it has positional parameters which can't be automatically converted. Source: app/templates/search/cases.hbs
2024-05-29T13:28:36.615Z [warn] WARNING: {{fn}} was not converted as it has positional parameters which can't be automatically converted. Source: app/templates/search/cases.hbs
2024-05-29T13:28:36.622Z [warn] WARNING: {{page-title}} was not converted as it has positional parameters which can't be automatically converted. Source: app/templates/search/decisions.hbs
2024-05-29T13:28:36.623Z [warn] WARNING: {{fn}} was not converted as it has positional parameters which can't be automatically converted. Source: app/templates/search/decisions.hbs
2024-05-29T13:28:36.635Z [warn] WARNING: {{set}} was not converted as it has positional parameters which can't be automatically converted. Source: app/templates/search/documents.hbs
2024-05-29T13:28:36.636Z [warn] WARNING: {{fn}} was not converted as it has positional parameters which can't be automatically converted. Source: app/templates/search/documents.hbs
2024-05-29T13:28:36.636Z [warn] WARNING: {{fn}} was not converted as it has positional parameters which can't be automatically converted. Source: app/templates/search/documents.hbs
2024-05-29T13:28:36.636Z [warn] WARNING: {{this.getStringProp}} was not converted as it has positional parameters which can't be automatically converted. Source: app/templates/search/documents.hbs
2024-05-29T13:28:36.651Z [warn] WARNING: {{page-title}} was not converted as it has positional parameters which can't be automatically converted. Source: app/templates/publications/publication/proofs.hbs
2024-05-29T13:28:36.656Z [warn] WARNING: {{page-title}} was not converted as it has positional parameters which can't be automatically converted. Source: app/templates/publications/publication/publication-activities.hbs
2024-05-29T13:28:36.658Z [warn] WARNING: {{page-title}} was not converted as it has positional parameters which can't be automatically converted. Source: app/templates/publications/publication/translations.hbs
2024-05-29T13:28:36.666Z [warn] WARNING: {{page-title}} was not converted as it has positional parameters which can't be automatically converted. Source: app/templates/cases/case/parliament-flow/index.hbs
2024-05-29T13:28:36.712Z [warn] WARNING: {{fn}} was not converted as it has positional parameters which can't be automatically converted. Source: app/templates/newsletter/nota-updates.hbs
2024-05-29T13:28:36.727Z [warn] WARNING: {{capitalize}} was not converted as it has positional parameters which can't be automatically converted. Source: app/templates/agenda/agendaitems/agendaitem.hbs
2024-05-29T13:28:36.738Z [warn] WARNING: {{page-title}} was not converted as it has positional parameters which can't be automatically converted. Source: app/templates/cases/case/subcases/subcase.hbs
2024-05-29T13:28:36.728Z [warn] WARNING: {{capitalize}} was not converted as it has positional parameters which can't be automatically converted. Source: app/templates/agenda/agendaitems/agendaitem.hbs
2024-05-29T13:28:36.728Z [warn] WARNING: {{capitalize}} was not converted as it has positional parameters which can't be automatically converted. Source: app/templates/agenda/agendaitems/agendaitem.hbs
2024-05-29T13:28:36.729Z [warn] WARNING: {{capitalize}} was not converted as it has positional parameters which can't be automatically converted. Source: app/templates/agenda/agendaitems/agendaitem.hbs
2024-05-29T13:28:36.729Z [warn] WARNING: {{capitalize}} was not converted as it has positional parameters which can't be automatically converted. Source: app/templates/agenda/agendaitems/agendaitem.hbs
2024-05-29T13:28:36.757Z [warn] WARNING: {{eq}} was not converted as it has positional parameters which can't be automatically converted. Source: app/templates/agenda/agendaitems/agendaitem/documents.hbs
2024-05-29T13:28:36.720Z [warn] WARNING: {{fn}} was not converted as it has positional parameters which can't be automatically converted. Source: app/templates/newsletter/index.hbs
2024-05-29T13:28:36.720Z [warn] WARNING: {{fn}} was not converted as it has positional parameters which can't be automatically converted. Source: app/templates/newsletter/index.hbs
2024-05-29T13:28:36.720Z [warn] WARNING: {{fn}} was not converted as it has positional parameters which can't be automatically converted. Source: app/templates/newsletter/index.hbs
2024-05-29T13:28:36.759Z [warn] WARNING: {{page-title}} was not converted as it has positional parameters which can't be automatically converted. Source: app/templates/cases/index.hbs
2024-05-29T13:28:36.759Z [warn] WARNING: {{set}} was not converted as it has positional parameters which can't be automatically converted. Source: app/templates/cases/index.hbs
2024-05-29T13:28:36.759Z [warn] WARNING: {{set}} was not converted as it has positional parameters which can't be automatically converted. Source: app/templates/cases/index.hbs
2024-05-29T13:28:36.759Z [warn] WARNING: {{set}} was not converted as it has positional parameters which can't be automatically converted. Source: app/templates/cases/index.hbs
2024-05-29T13:28:36.760Z [warn] WARNING: {{fn}} was not converted as it has positional parameters which can't be automatically converted. Source: app/templates/cases/index.hbs
2024-05-29T13:28:36.760Z [warn] WARNING: {{fn}} was not converted as it has positional parameters which can't be automatically converted. Source: app/templates/cases/index.hbs
2024-05-29T13:28:36.760Z [warn] WARNING: {{datetime}} was not converted as it has positional parameters which can't be automatically converted. Source: app/templates/cases/index.hbs
2024-05-29T13:28:36.760Z [warn] WARNING: {{fn}} was not converted as it has positional parameters which can't be automatically converted. Source: app/templates/cases/index.hbs
2024-05-29T13:28:36.769Z [warn] WARNING: {{page-title}} was not converted as it has positional parameters which can't be automatically converted. Source: app/templates/newsletter/print.hbs
2024-05-29T13:28:36.770Z [warn] WARNING: {{page-title}} was not converted as it has positional parameters which can't be automatically converted. Source: app/templates/settings/ministers.hbs
2024-05-29T13:28:36.775Z [warn] WARNING: {{user-may}} was not converted as it has positional parameters which can't be automatically converted. Source: app/templates/agenda/agendaitems/agendaitem/index.hbs
2024-05-29T13:28:36.775Z [warn] WARNING: {{user-may}} was not converted as it has positional parameters which can't be automatically converted. Source: app/templates/agenda/agendaitems/agendaitem/index.hbs
2024-05-29T13:28:36.775Z [warn] WARNING: {{user-may}} was not converted as it has positional parameters which can't be automatically converted. Source: app/templates/agenda/agendaitems/agendaitem/index.hbs
2024-05-29T13:28:36.775Z [warn] WARNING: {{or}} was not converted as it has positional parameters which can't be automatically converted. Source: app/templates/agenda/agendaitems/agendaitem/index.hbs
2024-05-29T13:28:36.776Z [warn] WARNING: {{user-may}} was not converted as it has positional parameters which can't be automatically converted. Source: app/templates/agenda/agendaitems/agendaitem/index.hbs
2024-05-29T13:28:36.776Z [warn] WARNING: {{user-may}} was not converted as it has positional parameters which can't be automatically converted. Source: app/templates/agenda/agendaitems/agendaitem/index.hbs
2024-05-29T13:28:36.796Z [warn] WARNING: {{page-title}} was not converted as it has positional parameters which can't be automatically converted. Source: app/templates/publications/overview/search.hbs
2024-05-29T13:28:36.808Z [warn] WARNING: {{set}} was not converted as it has positional parameters which can't be automatically converted. Source: app/templates/settings/users/index.hbs
2024-05-29T13:28:36.740Z [warn] WARNING: {{page-title}} was not converted as it has positional parameters which can't be automatically converted. Source: app/templates/cases/case/subcases/subcase.hbs
2024-05-29T13:28:36.740Z [warn] WARNING: {{page-title}} was not converted as it has positional parameters which can't be automatically converted. Source: app/templates/cases/case/subcases/subcase.hbs
2024-05-29T13:28:36.797Z [warn] WARNING: {{capitalize}} was not converted as it has positional parameters which can't be automatically converted. Source: app/templates/publications/overview/search.hbs
2024-05-29T13:28:36.797Z [warn] WARNING: {{capitalize}} was not converted as it has positional parameters which can't be automatically converted. Source: app/templates/publications/overview/search.hbs
2024-05-29T13:28:36.797Z [warn] WARNING: {{eq}} was not converted as it has positional parameters which can't be automatically converted. Source: app/templates/publications/overview/search.hbs
2024-05-29T13:28:36.797Z [warn] WARNING: {{set}} was not converted as it has positional parameters which can't be automatically converted. Source: app/templates/publications/overview/search.hbs
2024-05-29T13:28:36.798Z [warn] WARNING: {{set}} was not converted as it has positional parameters which can't be automatically converted. Source: app/templates/publications/overview/search.hbs
2024-05-29T13:28:36.798Z [warn] WARNING: {{set}} was not converted as it has positional parameters which can't be automatically converted. Source: app/templates/publications/overview/search.hbs
2024-05-29T13:28:36.798Z [warn] WARNING: {{set}} was not converted as it has positional parameters which can't be automatically converted. Source: app/templates/publications/overview/search.hbs
2024-05-29T13:28:36.798Z [warn] WARNING: {{capitalize}} was not converted as it has positional parameters which can't be automatically converted. Source: app/templates/publications/overview/search.hbs
2024-05-29T13:28:36.798Z [warn] WARNING: {{fn}} was not converted as it has positional parameters which can't be automatically converted. Source: app/templates/publications/overview/search.hbs
2024-05-29T13:28:36.798Z [warn] WARNING: {{fn}} was not converted as it has positional parameters which can't be automatically converted. Source: app/templates/publications/overview/search.hbs
2024-05-29T13:28:36.798Z [warn] WARNING: {{fn}} was not converted as it has positional parameters which can't be automatically converted. Source: app/templates/publications/overview/search.hbs
2024-05-29T13:28:36.798Z [warn] WARNING: {{fn}} was not converted as it has positional parameters which can't be automatically converted. Source: app/templates/publications/overview/search.hbs
2024-05-29T13:28:36.798Z [warn] WARNING: {{fn}} was not converted as it has positional parameters which can't be automatically converted. Source: app/templates/publications/overview/search.hbs
2024-05-29T13:28:36.798Z [warn] WARNING: {{fn}} was not converted as it has positional parameters which can't be automatically converted. Source: app/templates/publications/overview/search.hbs
2024-05-29T13:28:36.799Z [warn] WARNING: {{join}} was not converted as it has positional parameters which can't be automatically converted. Source: app/templates/publications/overview/search.hbs
2024-05-29T13:28:36.799Z [warn] WARNING: {{date}} was not converted as it has positional parameters which can't be automatically converted. Source: app/templates/publications/overview/search.hbs
2024-05-29T13:28:36.805Z [warn] WARNING: {{date}} was not converted as it has positional parameters which can't be automatically converted. Source: app/templates/publications/overview/shortlist.hbs
2024-05-29T13:28:36.808Z [warn] WARNING: {{page-title}} was not converted as it has positional parameters which can't be automatically converted. Source: app/templates/publications/publication/case.hbs
2024-05-29T13:28:36.811Z [warn] WARNING: {{fn}} was not converted as it has positional parameters which can't be automatically converted. Source: app/templates/publications/overview/reports.hbs
2024-05-29T13:28:36.812Z [warn] WARNING: {{page-title}} was not converted as it has positional parameters which can't be automatically converted. Source: app/templates/publications/publication/decisions.hbs
2024-05-29T13:28:36.792Z [warn] WARNING: {{page-title}} was not converted as it has positional parameters which can't be automatically converted. Source: app/templates/publications/publication.hbs
2024-05-29T13:28:36.792Z [warn] WARNING: {{uppercase}} was not converted as it has positional parameters which can't be automatically converted. Source: app/templates/publications/publication.hbs
2024-05-29T13:28:36.792Z [warn] WARNING: {{uppercase}} was not converted as it has positional parameters which can't be automatically converted. Source: app/templates/publications/publication.hbs
2024-05-29T13:28:36.792Z [warn] WARNING: {{uppercase}} was not converted as it has positional parameters which can't be automatically converted. Source: app/templates/publications/publication.hbs
2024-05-29T13:28:36.792Z [warn] WARNING: {{uppercase}} was not converted as it has positional parameters which can't be automatically converted. Source: app/templates/publications/publication.hbs
2024-05-29T13:28:36.793Z [warn] WARNING: {{or}} was not converted as it has positional parameters which can't be automatically converted. Source: app/templates/publications/publication.hbs
2024-05-29T13:28:36.831Z [warn] WARNING: {{page-title}} was not converted as it has positional parameters which can't be automatically converted. Source: app/templates/signatures/decisions.hbs
2024-05-29T13:28:36.832Z [warn] WARNING: {{and}} was not converted as it has positional parameters which can't be automatically converted. Source: app/templates/signatures/decisions.hbs
2024-05-29T13:28:36.832Z [warn] WARNING: {{fn}} was not converted as it has positional parameters which can't be automatically converted. Source: app/templates/signatures/decisions.hbs
2024-05-29T13:28:36.832Z [warn] WARNING: {{fn}} was not converted as it has positional parameters which can't be automatically converted. Source: app/templates/signatures/decisions.hbs
2024-05-29T13:28:36.832Z [warn] WARNING: {{and}} was not converted as it has positional parameters which can't be automatically converted. Source: app/templates/signatures/decisions.hbs
2024-05-29T13:28:36.833Z [warn] WARNING: {{includes}} was not converted as it has positional parameters which can't be automatically converted. Source: app/templates/signatures/decisions.hbs
2024-05-29T13:28:36.833Z [warn] WARNING: {{fn}} was not converted as it has positional parameters which can't be automatically converted. Source: app/templates/signatures/decisions.hbs
2024-05-29T13:28:36.833Z [warn] WARNING: {{date}} was not converted as it has positional parameters which can't be automatically converted. Source: app/templates/signatures/decisions.hbs
2024-05-29T13:28:36.833Z [warn] WARNING: {{or}} was not converted as it has positional parameters which can't be automatically converted. Source: app/templates/signatures/decisions.hbs
2024-05-29T13:28:36.833Z [warn] WARNING: {{date}} was not converted as it has positional parameters which can't be automatically converted. Source: app/templates/signatures/decisions.hbs
2024-05-29T13:28:36.833Z [warn] WARNING: {{fn}} was not converted as it has positional parameters which can't be automatically converted. Source: app/templates/signatures/decisions.hbs
2024-05-29T13:28:36.833Z [warn] WARNING: {{fn}} was not converted as it has positional parameters which can't be automatically converted. Source: app/templates/signatures/decisions.hbs
2024-05-29T13:28:36.833Z [warn] WARNING: {{or}} was not converted as it has positional parameters which can't be automatically converted. Source: app/templates/signatures/decisions.hbs
2024-05-29T13:28:36.834Z [warn] WARNING: {{not}} was not converted as it has positional parameters which can't be automatically converted. Source: app/templates/signatures/decisions.hbs
2024-05-29T13:28:36.834Z [warn] WARNING: {{or}} was not converted as it has positional parameters which can't be automatically converted. Source: app/templates/signatures/decisions.hbs
2024-05-29T13:28:36.874Z [warn] WARNING: {{page-title}} was not converted as it has positional parameters which can't be automatically converted. Source: app/templates/signatures/index.hbs
2024-05-29T13:28:36.874Z [warn] WARNING: {{and}} was not converted as it has positional parameters which can't be automatically converted. Source: app/templates/signatures/index.hbs
2024-05-29T13:28:36.875Z [warn] WARNING: {{fn}} was not converted as it has positional parameters which can't be automatically converted. Source: app/templates/signatures/index.hbs
2024-05-29T13:28:36.875Z [warn] WARNING: {{fn}} was not converted as it has positional parameters which can't be automatically converted. Source: app/templates/signatures/index.hbs
2024-05-29T13:28:36.875Z [warn] WARNING: {{and}} was not converted as it has positional parameters which can't be automatically converted. Source: app/templates/signatures/index.hbs
2024-05-29T13:28:36.875Z [warn] WARNING: {{capitalize}} was not converted as it has positional parameters which can't be automatically converted. Source: app/templates/signatures/index.hbs
2024-05-29T13:28:36.875Z [warn] WARNING: {{includes}} was not converted as it has positional parameters which can't be automatically converted. Source: app/templates/signatures/index.hbs
2024-05-29T13:28:36.875Z [warn] WARNING: {{fn}} was not converted as it has positional parameters which can't be automatically converted. Source: app/templates/signatures/index.hbs
2024-05-29T13:28:36.875Z [warn] WARNING: {{join}} was not converted as it has positional parameters which can't be automatically converted. Source: app/templates/signatures/index.hbs
2024-05-29T13:28:36.875Z [warn] WARNING: {{date}} was not converted as it has positional parameters which can't be automatically converted. Source: app/templates/signatures/index.hbs
2024-05-29T13:28:36.875Z [warn] WARNING: {{or}} was not converted as it has positional parameters which can't be automatically converted. Source: app/templates/signatures/index.hbs
2024-05-29T13:28:36.875Z [warn] WARNING: {{date}} was not converted as it has positional parameters which can't be automatically converted. Source: app/templates/signatures/index.hbs
2024-05-29T13:28:36.875Z [warn] WARNING: {{fn}} was not converted as it has positional parameters which can't be automatically converted. Source: app/templates/signatures/index.hbs
2024-05-29T13:28:36.875Z [warn] WARNING: {{fn}} was not converted as it has positional parameters which can't be automatically converted. Source: app/templates/signatures/index.hbs
2024-05-29T13:28:36.875Z [warn] WARNING: {{fn}} was not converted as it has positional parameters which can't be automatically converted. Source: app/templates/signatures/index.hbs
2024-05-29T13:28:36.875Z [warn] WARNING: {{fn}} was not converted as it has positional parameters which can't be automatically converted. Source: app/templates/signatures/index.hbs
2024-05-29T13:28:36.876Z [warn] WARNING: {{fn}} was not converted as it has positional parameters which can't be automatically converted. Source: app/templates/signatures/index.hbs
2024-05-29T13:28:36.876Z [warn] WARNING: {{fn}} was not converted as it has positional parameters which can't be automatically converted. Source: app/templates/signatures/index.hbs
2024-05-29T13:28:36.876Z [warn] WARNING: {{or}} was not converted as it has positional parameters which can't be automatically converted. Source: app/templates/signatures/index.hbs
2024-05-29T13:28:36.876Z [warn] WARNING: {{or}} was not converted as it has positional parameters which can't be automatically converted. Source: app/templates/signatures/index.hbs
2024-05-29T13:28:36.876Z [warn] WARNING: {{or}} was not converted as it has positional parameters which can't be automatically converted. Source: app/templates/signatures/index.hbs
2024-05-29T13:28:36.876Z [warn] WARNING: {{fn}} was not converted as it has positional parameters which can't be automatically converted. Source: app/templates/signatures/index.hbs
2024-05-29T13:28:36.809Z [warn] WARNING: {{set}} was not converted as it has positional parameters which can't be automatically converted. Source: app/templates/settings/users/index.hbs
2024-05-29T13:28:36.809Z [warn] WARNING: {{set}} was not converted as it has positional parameters which can't be automatically converted. Source: app/templates/settings/users/index.hbs
2024-05-29T13:28:36.809Z [warn] WARNING: {{set}} was not converted as it has positional parameters which can't be automatically converted. Source: app/templates/settings/users/index.hbs
2024-05-29T13:28:36.809Z [warn] WARNING: {{toggle}} was not converted as it has positional parameters which can't be automatically converted. Source: app/templates/settings/users/index.hbs
2024-05-29T13:28:36.810Z [warn] WARNING: {{toggle}} was not converted as it has positional parameters which can't be automatically converted. Source: app/templates/settings/users/index.hbs
2024-05-29T13:28:36.810Z [warn] WARNING: {{fn}} was not converted as it has positional parameters which can't be automatically converted. Source: app/templates/settings/users/index.hbs
2024-05-29T13:28:36.810Z [warn] WARNING: {{fn}} was not converted as it has positional parameters which can't be automatically converted. Source: app/templates/settings/users/index.hbs
2024-05-29T13:28:36.810Z [warn] WARNING: {{fn}} was not converted as it has positional parameters which can't be automatically converted. Source: app/templates/settings/users/index.hbs
2024-05-29T13:28:36.810Z [warn] WARNING: {{fn}} was not converted as it has positional parameters which can't be automatically converted. Source: app/templates/settings/users/index.hbs
2024-05-29T13:28:36.810Z [warn] WARNING: {{datetime-at}} was not converted as it has positional parameters which can't be automatically converted. Source: app/templates/settings/users/index.hbs
2024-05-29T13:28:36.811Z [warn] WARNING: {{queue}} was not converted as it has positional parameters which can't be automatically converted. Source: app/templates/settings/users/index.hbs
2024-05-29T13:28:36.811Z [warn] WARNING: {{fn}} was not converted as it has positional parameters which can't be automatically converted. Source: app/templates/settings/users/index.hbs
2024-05-29T13:28:36.811Z [warn] WARNING: {{queue}} was not converted as it has positional parameters which can't be automatically converted. Source: app/templates/settings/users/index.hbs
2024-05-29T13:28:36.811Z [warn] WARNING: {{fn}} was not converted as it has positional parameters which can't be automatically converted. Source: app/templates/settings/users/index.hbs
2024-05-29T13:28:36.811Z [warn] WARNING: {{queue}} was not converted as it has positional parameters which can't be automatically converted. Source: app/templates/settings/users/index.hbs
2024-05-29T13:28:36.811Z [warn] WARNING: {{toggle}} was not converted as it has positional parameters which can't be automatically converted. Source: app/templates/settings/users/index.hbs
2024-05-29T13:28:36.812Z [warn] WARNING: {{queue}} was not converted as it has positional parameters which can't be automatically converted. Source: app/templates/settings/users/index.hbs
2024-05-29T13:28:36.812Z [warn] WARNING: {{toggle}} was not converted as it has positional parameters which can't be automatically converted. Source: app/templates/settings/users/index.hbs
2024-05-29T13:28:36.846Z [warn] WARNING: {{toggle}} was not converted as it has positional parameters which can't be automatically converted. Source: app/templates/settings/organizations/organization.hbs
2024-05-29T13:28:36.846Z [warn] WARNING: {{toggle}} was not converted as it has positional parameters which can't be automatically converted. Source: app/templates/settings/organizations/organization.hbs
2024-05-29T13:28:36.847Z [warn] WARNING: {{toggle}} was not converted as it has positional parameters which can't be automatically converted. Source: app/templates/settings/organizations/organization.hbs
2024-05-29T13:28:36.847Z [warn] WARNING: {{fn}} was not converted as it has positional parameters which can't be automatically converted. Source: app/templates/settings/organizations/organization.hbs
2024-05-29T13:28:36.869Z [warn] WARNING: {{set}} was not converted as it has positional parameters which can't be automatically converted. Source: app/templates/settings/organizations/index.hbs
2024-05-29T13:28:36.870Z [warn] WARNING: {{fn}} was not converted as it has positional parameters which can't be automatically converted. Source: app/templates/settings/organizations/index.hbs
2024-05-29T13:28:36.870Z [warn] WARNING: {{fn}} was not converted as it has positional parameters which can't be automatically converted. Source: app/templates/settings/organizations/index.hbs
2024-05-29T13:28:36.870Z [warn] WARNING: {{fn}} was not converted as it has positional parameters which can't be automatically converted. Source: app/templates/settings/organizations/index.hbs
2024-05-29T13:28:36.870Z [warn] WARNING: {{fn}} was not converted as it has positional parameters which can't be automatically converted. Source: app/templates/settings/organizations/index.hbs
2024-05-29T13:28:36.870Z [warn] WARNING: {{queue}} was not converted as it has positional parameters which can't be automatically converted. Source: app/templates/settings/organizations/index.hbs
2024-05-29T13:28:36.870Z [warn] WARNING: {{toggle}} was not converted as it has positional parameters which can't be automatically converted. Source: app/templates/settings/organizations/index.hbs
2024-05-29T13:28:36.870Z [warn] WARNING: {{queue}} was not converted as it has positional parameters which can't be automatically converted. Source: app/templates/settings/organizations/index.hbs
2024-05-29T13:28:36.870Z [warn] WARNING: {{toggle}} was not converted as it has positional parameters which can't be automatically converted. Source: app/templates/settings/organizations/index.hbs
2024-05-29T13:28:36.918Z [warn] WARNING: {{capitalize}} was not converted as it has positional parameters which can't be automatically converted. Source: app/templates/settings/users/user.hbs
2024-05-29T13:28:36.918Z [warn] WARNING: {{capitalize}} was not converted as it has positional parameters which can't be automatically converted. Source: app/templates/settings/users/user.hbs
2024-05-29T13:28:36.918Z [warn] WARNING: {{fn}} was not converted as it has positional parameters which can't be automatically converted. Source: app/templates/settings/users/user.hbs
2024-05-29T13:28:36.918Z [warn] WARNING: {{toggle}} was not converted as it has positional parameters which can't be automatically converted. Source: app/templates/settings/users/user.hbs
2024-05-29T13:28:36.918Z [warn] WARNING: {{toggle}} was not converted as it has positional parameters which can't be automatically converted. Source: app/templates/settings/users/user.hbs
2024-05-29T13:28:36.918Z [warn] WARNING: {{toggle}} was not converted as it has positional parameters which can't be automatically converted. Source: app/templates/settings/users/user.hbs
2024-05-29T13:28:36.919Z [warn] WARNING: {{toggle}} was not converted as it has positional parameters which can't be automatically converted. Source: app/templates/settings/users/user.hbs
